#
# A fatal error has been detected by the Java Runtime Environment:
#
#  EXCEPTION_ACCESS_VIOLATION (0xc0000005) at pc=0x00000290c943d90f, pid=3380, tid=836
#
# JRE version: Java(TM) SE Runtime Environment (13.0.1+9) (build 13.0.1+9)
# Java VM: Java HotSpot(TM) 64-Bit Server VM (13.0.1+9, mixed mode, sharing, tiered, compressed oops, g1 gc, windows-amd64)
# Problematic frame:
# j  lista.Teste.main([Ljava/lang/String;)V+11
#
# No core dump will be written. Minidumps are not enabled by default on client versions of Windows
#
# If you would like to submit a bug report, please visit:
#   http://bugreport.java.com/bugreport/crash.jsp
#

---------------  S U M M A R Y ------------

Command Line: -agentlib:jdwp=transport=dt_socket,suspend=y,address=localhost:60983 -javaagent:C:\eclipse\configuration\org.eclipse.osgi\413\0\.cp\lib\javaagent-shaded.jar -Dfile.encoding=Cp1252 lista.Teste

Host: Intel(R) Core(TM) i3-5005U CPU @ 2.00GHz, 4 cores, 7G,  Windows 10 , 64 bit Build 18362 (10.0.18362.778)
Time: Fri Dec  4 21:20:19 2020 Hora oficial do Brasil elapsed time: 271 seconds (0d 0h 4m 31s)

---------------  T H R E A D  ---------------

Current thread (0x00000290c0f0f000):  JavaThread "main" [_thread_in_Java, id=836, stack(0x0000009f96b00000,0x0000009f96c00000)]

Stack: [0x0000009f96b00000,0x0000009f96c00000],  sp=0x0000009f96bff510,  free space=1021k
Native frames: (J=compiled Java code, j=interpreted, Vv=VM code, C=native code)
C  0x00000290c943d90f


siginfo: EXCEPTION_ACCESS_VIOLATION (0xc0000005), reading address 0x00000290dfa9c3e8


Register to memory mapping:

RIP=0x00000290c943d90f is at code_begin+79 in an Interpreter codelet
invokevirtual  182 invokevirtual  [0x00000290c943d8c0, 0x00000290c943dec0]  1536 bytes
RAX=0x0 is NULL
RBX=0x00000000000000b6 is an unknown value
RCX=0x00000290df908388 is pointing into metadata
RDX=0x0000000000032808 is an unknown value
RSP=0x0000009f96bff510 is pointing into the stack for thread: 0x00000290c0f0f000
RBP=0x0000009f96bff568 is pointing into the stack for thread: 0x00000290c0f0f000
RSI=0x0000009f96bff9f0 is pointing into the stack for thread: 0x00000290c0f0f000
RDI=0x0000000000000001 is an unknown value
R8 =0x0000000000000002 is an unknown value
R9 =0x0000000000000002 is an unknown value
R10=0x00007ffda2fe8250 jvm.dll
R11={method} {0x00000290df908320} 'main' '([Ljava/lang/String;)V' in 'lista/Teste'
R12=0x0 is NULL
R13=0x00000290df9082eb is pointing into metadata
R14=0x0000009f96bff580 is pointing into the stack for thread: 0x00000290c0f0f000
R15=0x00000290c0f0f000 is a thread


Registers:
RAX=0x0000000000000000, RBX=0x00000000000000b6, RCX=0x00000290df908388, RDX=0x0000000000032808
RSP=0x0000009f96bff510, RBP=0x0000009f96bff568, RSI=0x0000009f96bff9f0, RDI=0x0000000000000001
R8 =0x0000000000000002, R9 =0x0000000000000002, R10=0x00007ffda2fe8250, R11=0x00000290df908318
R12=0x0000000000000000, R13=0x00000290df9082eb, R14=0x0000009f96bff580, R15=0x00000290c0f0f000
RIP=0x00000290c943d90f, EFLAGS=0x0000000000010202

Top of Stack: (sp=0x0000009f96bff510)
0x0000009f96bff510:   000000000000000a 0000000088d54cd0
0x0000009f96bff520:   0000009f96bff520 00000290df9082eb
0x0000009f96bff530:   0000009f96bff580 00000290df908388
0x0000009f96bff540:   0000000000000000 0000000088d50110
0x0000009f96bff550:   00000290df908318 0000000000000000
0x0000009f96bff560:   0000009f96bff580 0000009f96bff760
0x0000009f96bff570:   00000290c9410f90 0000000088d54cd0
0x0000009f96bff580:   0000000088d503a0 00000290bed50cc0
0x0000009f96bff590:   00000000000000a0 0000000000000000
0x0000009f96bff5a0:   0000000000000040 00007ffda27ff782
0x0000009f96bff5b0:   0000000000000000 0000000000000005
0x0000009f96bff5c0:   0000000000000050 0000009f96bff689
0x0000009f96bff5d0:   00000290bee40000 00007ffdde45b997
0x0000009f96bff5e0:   00000290bed50000 00007ffda27ff782
0x0000009f96bff5f0:   0000000000000040 0000000000000000
0x0000009f96bff600:   0000000000000000 0000000000000000 

Instructions: (pc=0x00000290c943d90f)
0x00000290c943d80f:   f7 c4 0f 00 00 00 0f 84 1a 00 00 00 48 83 ec 08
0x00000290c943d81f:   49 ba 30 4e 8a a2 fd 7f 00 00 41 ff d2 48 83 c4
0x00000290c943d82f:   08 e9 0d 00 00 00 49 ba 30 4e 8a a2 fd 7f 00 00
0x00000290c943d83f:   41 ff d2 48 83 c4 20 ff e0 49 81 7f 08 00 00 00
0x00000290c943d84f:   00 0f 84 05 00 00 00 e9 25 36 fd ff 4c 8b 6d c0
0x00000290c943d85f:   4c 8b 75 c8 c3 eb 04 45 88 4d 00 41 0f b6 5d 03
0x00000290c943d86f:   49 83 c5 03 49 ba 50 32 fe a2 fd 7f 00 00 41 ff
0x00000290c943d87f:   24 da 0f 1f 80 00 00 00 00 00 00 00 00 00 00 00
0x00000290c943d88f:   00 00 00 00 00 00 00 00 00 00 00 00 00 00 00 00
0x00000290c943d89f:   00 20 06 00 00 00 00 00 00 f0 49 d7 a2 fd 7f 00
0x00000290c943d8af:   00 b6 00 00 00 00 00 00 00 00 00 00 00 00 00 00
0x00000290c943d8bf:   00 50 e9 39 00 00 00 48 83 ec 08 c5 fa 11 04 24
0x00000290c943d8cf:   e9 2b 00 00 00 48 83 ec 10 c5 fb 11 04 24 e9 1d
0x00000290c943d8df:   00 00 00 48 83 ec 10 48 89 04 24 49 ba 00 00 00
0x00000290c943d8ef:   00 00 00 00 00 4c 89 54 24 08 e9 01 00 00 00 50
0x00000290c943d8ff:   4c 89 6d c0 41 0f b7 55 01 48 8b 4d d0 c1 e2 02
0x00000290c943d90f:   8b 5c d1 20 c1 eb 18 81 e3 ff 00 00 00 81 fb b6
0x00000290c943d91f:   00 00 00 0f 84 87 01 00 00 bb b6 00 00 00 e8 05
0x00000290c943d92f:   00 00 00 e9 6c 01 00 00 48 8b d3 48 8d 44 24 08
0x00000290c943d93f:   4c 89 6d c0 49 8b cf c5 f8 77 49 89 af 00 03 00
0x00000290c943d94f:   00 49 89 87 f0 02 00 00 48 83 ec 20 f7 c4 0f 00
0x00000290c943d95f:   00 00 0f 84 1a 00 00 00 48 83 ec 08 49 ba 40 b4
0x00000290c943d96f:   8a a2 fd 7f 00 00 41 ff d2 48 83 c4 08 e9 0d 00
0x00000290c943d97f:   00 00 49 ba 40 b4 8a a2 fd 7f 00 00 41 ff d2 48
0x00000290c943d98f:   83 c4 20 49 ba 00 00 00 00 00 00 00 00 4d 89 97
0x00000290c943d99f:   f0 02 00 00 49 ba 00 00 00 00 00 00 00 00 4d 89
0x00000290c943d9af:   97 00 03 00 00 49 ba 00 00 00 00 00 00 00 00 4d
0x00000290c943d9bf:   89 97 f8 02 00 00 c5 f8 77 41 8b 8f 1c 04 00 00
0x00000290c943d9cf:   f7 c1 01 00 00 00 0f 84 49 00 00 00 f7 c1 02 00
0x00000290c943d9df:   00 00 0f 85 3d 00 00 00 48 83 ec 20 f7 c4 0f 00
0x00000290c943d9ef:   00 00 0f 84 1a 00 00 00 48 83 ec 08 49 ba 40 4e
0x00000290c943d9ff:   8a a2 fd 7f 00 00 41 ff d2 48 83 c4 08 e9 0d 00 


Stack slot to memory mapping:
stack at sp + 0 slots: 0x000000000000000a is an unknown value
stack at sp + 1 slots: 0x0000000088d54cd0 is an oop: lista.ListaEncadeada 
{0x0000000088d54cd0} - klass: 'lista/ListaEncadeada'
stack at sp + 2 slots: 0x0000009f96bff520 is pointing into the stack for thread: 0x00000290c0f0f000
stack at sp + 3 slots: 0x00000290df9082eb is pointing into metadata
stack at sp + 4 slots: 0x0000009f96bff580 is pointing into the stack for thread: 0x00000290c0f0f000
stack at sp + 5 slots: 0x00000290df908388 is pointing into metadata
stack at sp + 6 slots: 0x0 is NULL
stack at sp + 7 slots: 0x0000000088d50110 is an oop: java.lang.Class 
{0x0000000088d50110} - klass: 'java/lang/Class'

invokevirtual  182 invokevirtual  [0x00000290c943d8c0, 0x00000290c943dec0]  1536 bytes
[MachCode]
  0x00000290c943d8c0: 50e9 3900 | 0000 4883 | ec08 c5fa | 1104 24e9 | 2b00 0000 | 4883 ec10 | c5fb 1104 | 24e9 1d00 
  0x00000290c943d8e0: 0000 4883 | ec10 4889 | 0424 49ba | 0000 0000 | 0000 0000 | 4c89 5424 | 08e9 0100 | 0000 504c 
  0x00000290c943d900: 896d c041 | 0fb7 5501 | 488b 4dd0 | c1e2 028b | 5cd1 20c1 | eb18 81e3 | ff00 0000 | 81fb b600 
  0x00000290c943d920: 0000 0f84 | 8701 0000 | bbb6 0000 | 00e8 0500 | 0000 e96c | 0100 0048 | 8bd3 488d | 4424 084c 
  0x00000290c943d940: 896d c049 | 8bcf c5f8 | 7749 89af | 0003 0000 | 4989 87f0 | 0200 0048 | 83ec 20f7 | c40f 0000 
  0x00000290c943d960: 000f 841a | 0000 0048 | 83ec 0849 | ba40 b48a | a2fd 7f00 | 0041 ffd2 | 4883 c408 | e90d 0000 
  0x00000290c943d980: 0049 ba40 | b48a a2fd | 7f00 0041 | ffd2 4883 | c420 49ba | 0000 0000 | 0000 0000 | 4d89 97f0 
  0x00000290c943d9a0: 0200 0049 | ba00 0000 | 0000 0000 | 004d 8997 | 0003 0000 | 49ba 0000 | 0000 0000 | 0000 4d89 
  0x00000290c943d9c0: 97f8 0200 | 00c5 f877 | 418b 8f1c | 0400 00f7 | c101 0000 | 000f 8449 | 0000 00f7 | c102 0000 
  0x00000290c943d9e0: 000f 853d | 0000 0048 | 83ec 20f7 | c40f 0000 | 000f 841a | 0000 0048 | 83ec 0849 | ba40 4e8a 
  0x00000290c943da00: a2fd 7f00 | 0041 ffd2 | 4883 c408 | e90d 0000 | 0049 ba40 | 4e8a a2fd | 7f00 0041 | ffd2 4883 
  0x00000290c943da20: c420 ffe0 | 498b 8f58 | 0400 0048 | 85c9 0f84 | 5300 0000 | 8b49 7483 | f901 0f85 | 4700 0000 
  0x00000290c943da40: 498b 8f58 | 0400 008b | 4978 4883 | ec20 f7c4 | 0f00 0000 | 0f84 1a00 | 0000 4883 | ec08 49ba 
  0x00000290c943da60: 304e 8aa2 | fd7f 0000 | 41ff d248 | 83c4 08e9 | 0d00 0000 | 49ba 304e | 8aa2 fd7f | 0000 41ff 
  0x00000290c943da80: d248 83c4 | 20ff e049 | 817f 0800 | 0000 000f | 8405 0000 | 00e9 e633 | fdff 4c8b | 6dc0 4c8b 
  0x00000290c943daa0: 75c8 c341 | 0fb7 5501 | 488b 4dd0 | c1e2 0248 | 8b5c d130 | 8b54 d138 | 8bca 81e1 | ff00 0000 
  0x00000290c943dac0: 488b 4ccc | f844 8bea | c1ea 1c49 | ba60 e9fd | a2fd 7f00 | 0049 8b14 | d252 418b | d54c 8b6d 
  0x00000290c943dae0: c08b c281 | e000 0010 | 000f 8497 | 0100 0048 | 3b01 488b | 45d8 4885 | c00f 8412 | 0000 0048 
  0x00000290c943db00: 8340 0801 | 4883 5808 | 0048 83c0 | 3848 8945 | d848 8b45 | d848 85c0 | 0f84 4f01 | 0000 8078 
  0x00000290c943db20: c80b 0f85 | 4501 0000 | 4883 c008 | 4c8b 68f8 | 4183 ed00 | 4183 fd02 | 0f8c 2401 | 0000 4c8b 
  0x00000290c943db40: 6b08 450f | b76d 344c | 2b28 4183 | ed01 4e8b | 6cec 084d | 85ed 750a | 4881 4808 | 0100 0000 
  0x00000290c943db60: eb5d 458b | 6d08 49c1 | e503 49bc | 0000 0000 | 0800 0000 | 4d03 ec4d | 33e4 4c33 | 6808 49f7 
  0x00000290c943db80: c5fc ffff | ff74 3849 | f7c5 0200 | 0000 752f | 4881 7808 | 0000 0000 | 7421 4881 | 7808 0100 
  0x00000290c943dba0: 0000 7417 | 4c33 6808 | 49f7 c5fc | ffff ff74 | 0e48 8148 | 0802 0000 | 00eb 044c | 8968 0848 
  0x00000290c943dbc0: 83c0 104c | 8b68 e841 | 83ed 0241 | 83fd 020f | 8c8d 0000 | 004c 8b6b | 0845 0fb7 | 6d34 4c2b 
  0x00000290c943dbe0: 2841 83ed | 014e 8b6c | ec08 4d85 | ed75 0a48 | 8148 0801 | 0000 00eb | 5d45 8b6d | 0849 c1e5 
  0x00000290c943dc00: 0349 bc00 | 0000 0008 | 0000 004d | 03ec 4d33 | e44c 3368 | 0849 f7c5 | fcff ffff | 7438 49f7 
  0x00000290c943dc20: c502 0000 | 0075 2f48 | 8178 0800 | 0000 0074 | 2148 8178 | 0801 0000 | 0074 174c | 3368 0849 
  0x00000290c943dc40: f7c5 fcff | ffff 740e | 4881 4808 | 0200 0000 | eb04 4c89 | 6808 4883 | c010 4c8b | 68d8 4183 
  0x00000290c943dc60: ed04 41c1 | e503 4903 | c548 8945 | d84c 8d6c | 2408 4c89 | 6df0 4180 | bf60 0400 | 0000 7403 
  0x00000290c943dc80: ff63 30ff | 6348 8b41 | 0848 c1e0 | 0349 bc00 | 0000 0008 | 0000 0049 | 03c4 4d33 | e44c 8b75 
  0x00000290c943dca0: d84d 85f6 | 0f84 9500 | 0000 498b | 5618 483b | d00f 850f | 0000 0049 | 8346 2001 | 4983 5e20 
  0x00000290c943dcc0: 00e9 7100 | 0000 4885 | d20f 8442 | 0000 0049 | 8b56 2848 | 3bd0 0f85 | 0f00 0000 | 4983 4630 
  0x00000290c943dce0: 0149 835e | 3000 e94c | 0000 0048 | 85d2 740f | 4983 4608 | 0149 835e | 0800 e938 | 0000 0049 
  0x00000290c943dd00: 8946 28ba | 0100 0000 | 4989 5630 | e926 0000 | 0049 3b46 | 280f 850f | 0000 0049 | 8346 3001 
  0x00000290c943dd20: 4983 5e30 | 00e9 0d00 | 0000 4989 | 4618 ba01 | 0000 0049 | 8956 2049 | 83c6 384c | 8975 d848 
  0x00000290c943dd40: 8b9c d8d8 | 0100 0048 | 8b55 d848 | 85d2 0f84 | 4f01 0000 | 807a c80b | 0f85 4501 | 0000 4883 
  0x00000290c943dd60: c208 4c8b | 6af8 4183 | ed00 4183 | fd02 0f8c | 2401 0000 | 4c8b 6b08 | 450f b76d | 344c 2b2a 
  0x00000290c943dd80: 4183 ed01 | 4e8b 6cec | 084d 85ed | 750a 4881 | 4a08 0100 | 0000 eb5d | 458b 6d08 | 49c1 e503 
  0x00000290c943dda0: 49bc 0000 | 0000 0800 | 0000 4d03 | ec4d 33e4 | 4c33 6a08 | 49f7 c5fc | ffff ff74 | 3849 f7c5 
  0x00000290c943ddc0: 0200 0000 | 752f 4881 | 7a08 0000 | 0000 7421 | 4881 7a08 | 0100 0000 | 7417 4c33 | 6a08 49f7 
  0x00000290c943dde0: c5fc ffff | ff74 0e48 | 814a 0802 | 0000 00eb | 044c 896a | 0848 83c2 | 104c 8b6a | e841 83ed 
  0x00000290c943de00: 0241 83fd | 020f 8c8d | 0000 004c | 8b6b 0845 | 0fb7 6d34 | 4c2b 2a41 | 83ed 014e | 8b6c ec08 
  0x00000290c943de20: 4d85 ed75 | 0a48 814a | 0801 0000 | 00eb 5d45 | 8b6d 0849 | c1e5 0349 | bc00 0000 | 0008 0000 
  0x00000290c943de40: 004d 03ec | 4d33 e44c | 336a 0849 | f7c5 fcff | ffff 7438 | 49f7 c502 | 0000 0075 | 2f48 817a 
  0x00000290c943de60: 0800 0000 | 0074 2148 | 817a 0801 | 0000 0074 | 174c 336a | 0849 f7c5 | fcff ffff | 740e 4881 
  0x00000290c943de80: 4a08 0200 | 0000 eb04 | 4c89 6a08 | 4883 c210 | 4c8b 6ad8 | 4183 ed04 | 41c1 e503 | 4903 d548 
  0x00000290c943dea0: 8955 d84c | 8d6c 2408 | 4c89 6df0 | 4180 bf60 | 0400 0000 | 7403 ff63 | 30ff 6348 | 0f1f 4000 
[/MachCode]

---------------  P R O C E S S  ---------------

Threads class SMR info:
_java_thread_list=0x00000290e0025ba0, length=13, elements={
0x00000290c0f0f000, 0x00000290df45d000, 0x00000290df460800, 0x00000290df47a000,
0x00000290df47e800, 0x00000290df480000, 0x00000290df488000, 0x00000290df49c000,
0x00000290df43e000, 0x00000290e001e800, 0x00000290e0020000, 0x00000290dff60800,
0x00000290e004f800
}

Java Threads: ( => current thread )
=>0x00000290c0f0f000 JavaThread "main" [_thread_in_Java, id=836, stack(0x0000009f96b00000,0x0000009f96c00000)]
  0x00000290df45d000 JavaThread "Reference Handler" daemon [_thread_blocked, id=1096, stack(0x0000009f97200000,0x0000009f97300000)]
  0x00000290df460800 JavaThread "Finalizer" daemon [_thread_blocked, id=2112, stack(0x0000009f97300000,0x0000009f97400000)]
  0x00000290df47a000 JavaThread "Signal Dispatcher" daemon [_thread_blocked, id=688, stack(0x0000009f97400000,0x0000009f97500000)]
  0x00000290df47e800 JavaThread "Attach Listener" daemon [_thread_blocked, id=4676, stack(0x0000009f97500000,0x0000009f97600000)]
  0x00000290df480000 JavaThread "C2 CompilerThread0" daemon [_thread_blocked, id=6960, stack(0x0000009f97600000,0x0000009f97700000)]
  0x00000290df488000 JavaThread "C1 CompilerThread0" daemon [_thread_blocked, id=12204, stack(0x0000009f97700000,0x0000009f97800000)]
  0x00000290df49c000 JavaThread "Sweeper thread" daemon [_thread_blocked, id=11532, stack(0x0000009f97800000,0x0000009f97900000)]
  0x00000290df43e000 JavaThread "Common-Cleaner" daemon [_thread_blocked, id=10656, stack(0x0000009f97900000,0x0000009f97a00000)]
  0x00000290e001e800 JavaThread "JDWP Transport Listener: dt_socket" daemon [_thread_blocked, id=1044, stack(0x0000009f97a00000,0x0000009f97b00000)]
  0x00000290e0020000 JavaThread "JDWP Event Helper Thread" daemon [_thread_blocked, id=7480, stack(0x0000009f97b00000,0x0000009f97c00000)]
  0x00000290dff60800 JavaThread "JDWP Command Reader" daemon [_thread_in_native, id=6108, stack(0x0000009f97c00000,0x0000009f97d00000)]
  0x00000290e004f800 JavaThread "Service Thread" daemon [_thread_blocked, id=10012, stack(0x0000009f97d00000,0x0000009f97e00000)]

Other Threads:
  0x00000290df455000 VMThread "VM Thread" [stack: 0x0000009f97100000,0x0000009f97200000] [id=10216]
  0x00000290e008c800 WatcherThread [stack: 0x0000009f97e00000,0x0000009f97f00000] [id=11360]
  0x00000290c0f52000 GCTaskThread "GC Thread#0" [stack: 0x0000009f96c00000,0x0000009f96d00000] [id=4496]
  0x00000290c0f64000 ConcurrentGCThread "G1 Main Marker" [stack: 0x0000009f96d00000,0x0000009f96e00000] [id=6580]
  0x00000290c0f66000 ConcurrentGCThread "G1 Conc#0" [stack: 0x0000009f96e00000,0x0000009f96f00000] [id=7576]
  0x00000290c0fde800 ConcurrentGCThread "G1 Refine#0" [stack: 0x0000009f96f00000,0x0000009f97000000] [id=11932]
  0x00000290df2d8800 ConcurrentGCThread "G1 Young RemSet Sampling" [stack: 0x0000009f97000000,0x0000009f97100000] [id=8328]

Threads with active compile tasks:

VM state:not at safepoint (normal execution)

VM Mutex/Monitor currently owned by a thread: None

Heap address: 0x0000000081200000, size: 2030 MB, Compressed Oops mode: 32-bit
Narrow klass base: 0x0000000800000000, Narrow klass shift: 3
Compressed class space size: 1073741824 Address: 0x0000000800b40000

Heap:
 garbage-first heap   total 131072K, used 3072K [0x0000000081200000, 0x0000000100000000)
  region size 1024K, 5 young (5120K), 0 survivors (0K)
 Metaspace       used 2655K, capacity 4845K, committed 5120K, reserved 1056768K
  class space    used 249K, capacity 443K, committed 512K, reserved 1048576K
Heap Regions: E=young(eden), S=young(survivor), O=old, HS=humongous(starts), HC=humongous(continues), CS=collection set, F=free, A=archive, TAMS=top-at-mark-start (previous, next)
|   0|0x0000000081200000, 0x0000000081200000, 0x0000000081300000|  0%| F|  |TAMS 0x0000000081200000, 0x0000000081200000| Untracked 
|   1|0x0000000081300000, 0x0000000081300000, 0x0000000081400000|  0%| F|  |TAMS 0x0000000081300000, 0x0000000081300000| Untracked 
|   2|0x0000000081400000, 0x0000000081400000, 0x0000000081500000|  0%| F|  |TAMS 0x0000000081400000, 0x0000000081400000| Untracked 
|   3|0x0000000081500000, 0x0000000081500000, 0x0000000081600000|  0%| F|  |TAMS 0x0000000081500000, 0x0000000081500000| Untracked 
|   4|0x0000000081600000, 0x0000000081600000, 0x0000000081700000|  0%| F|  |TAMS 0x0000000081600000, 0x0000000081600000| Untracked 
|   5|0x0000000081700000, 0x0000000081700000, 0x0000000081800000|  0%| F|  |TAMS 0x0000000081700000, 0x0000000081700000| Untracked 
|   6|0x0000000081800000, 0x0000000081800000, 0x0000000081900000|  0%| F|  |TAMS 0x0000000081800000, 0x0000000081800000| Untracked 
|   7|0x0000000081900000, 0x0000000081900000, 0x0000000081a00000|  0%| F|  |TAMS 0x0000000081900000, 0x0000000081900000| Untracked 
|   8|0x0000000081a00000, 0x0000000081a00000, 0x0000000081b00000|  0%| F|  |TAMS 0x0000000081a00000, 0x0000000081a00000| Untracked 
|   9|0x0000000081b00000, 0x0000000081b00000, 0x0000000081c00000|  0%| F|  |TAMS 0x0000000081b00000, 0x0000000081b00000| Untracked 
|  10|0x0000000081c00000, 0x0000000081c00000, 0x0000000081d00000|  0%| F|  |TAMS 0x0000000081c00000, 0x0000000081c00000| Untracked 
|  11|0x0000000081d00000, 0x0000000081d00000, 0x0000000081e00000|  0%| F|  |TAMS 0x0000000081d00000, 0x0000000081d00000| Untracked 
|  12|0x0000000081e00000, 0x0000000081e00000, 0x0000000081f00000|  0%| F|  |TAMS 0x0000000081e00000, 0x0000000081e00000| Untracked 
|  13|0x0000000081f00000, 0x0000000081f00000, 0x0000000082000000|  0%| F|  |TAMS 0x0000000081f00000, 0x0000000081f00000| Untracked 
|  14|0x0000000082000000, 0x0000000082000000, 0x0000000082100000|  0%| F|  |TAMS 0x0000000082000000, 0x0000000082000000| Untracked 
|  15|0x0000000082100000, 0x0000000082100000, 0x0000000082200000|  0%| F|  |TAMS 0x0000000082100000, 0x0000000082100000| Untracked 
|  16|0x0000000082200000, 0x0000000082200000, 0x0000000082300000|  0%| F|  |TAMS 0x0000000082200000, 0x0000000082200000| Untracked 
|  17|0x0000000082300000, 0x0000000082300000, 0x0000000082400000|  0%| F|  |TAMS 0x0000000082300000, 0x0000000082300000| Untracked 
|  18|0x0000000082400000, 0x0000000082400000, 0x0000000082500000|  0%| F|  |TAMS 0x0000000082400000, 0x0000000082400000| Untracked 
|  19|0x0000000082500000, 0x0000000082500000, 0x0000000082600000|  0%| F|  |TAMS 0x0000000082500000, 0x0000000082500000| Untracked 
|  20|0x0000000082600000, 0x0000000082600000, 0x0000000082700000|  0%| F|  |TAMS 0x0000000082600000, 0x0000000082600000| Untracked 
|  21|0x0000000082700000, 0x0000000082700000, 0x0000000082800000|  0%| F|  |TAMS 0x0000000082700000, 0x0000000082700000| Untracked 
|  22|0x0000000082800000, 0x0000000082800000, 0x0000000082900000|  0%| F|  |TAMS 0x0000000082800000, 0x0000000082800000| Untracked 
|  23|0x0000000082900000, 0x0000000082900000, 0x0000000082a00000|  0%| F|  |TAMS 0x0000000082900000, 0x0000000082900000| Untracked 
|  24|0x0000000082a00000, 0x0000000082a00000, 0x0000000082b00000|  0%| F|  |TAMS 0x0000000082a00000, 0x0000000082a00000| Untracked 
|  25|0x0000000082b00000, 0x0000000082b00000, 0x0000000082c00000|  0%| F|  |TAMS 0x0000000082b00000, 0x0000000082b00000| Untracked 
|  26|0x0000000082c00000, 0x0000000082c00000, 0x0000000082d00000|  0%| F|  |TAMS 0x0000000082c00000, 0x0000000082c00000| Untracked 
|  27|0x0000000082d00000, 0x0000000082d00000, 0x0000000082e00000|  0%| F|  |TAMS 0x0000000082d00000, 0x0000000082d00000| Untracked 
|  28|0x0000000082e00000, 0x0000000082e00000, 0x0000000082f00000|  0%| F|  |TAMS 0x0000000082e00000, 0x0000000082e00000| Untracked 
|  29|0x0000000082f00000, 0x0000000082f00000, 0x0000000083000000|  0%| F|  |TAMS 0x0000000082f00000, 0x0000000082f00000| Untracked 
|  30|0x0000000083000000, 0x0000000083000000, 0x0000000083100000|  0%| F|  |TAMS 0x0000000083000000, 0x0000000083000000| Untracked 
|  31|0x0000000083100000, 0x0000000083100000, 0x0000000083200000|  0%| F|  |TAMS 0x0000000083100000, 0x0000000083100000| Untracked 
|  32|0x0000000083200000, 0x0000000083200000, 0x0000000083300000|  0%| F|  |TAMS 0x0000000083200000, 0x0000000083200000| Untracked 
|  33|0x0000000083300000, 0x0000000083300000, 0x0000000083400000|  0%| F|  |TAMS 0x0000000083300000, 0x0000000083300000| Untracked 
|  34|0x0000000083400000, 0x0000000083400000, 0x0000000083500000|  0%| F|  |TAMS 0x0000000083400000, 0x0000000083400000| Untracked 
|  35|0x0000000083500000, 0x0000000083500000, 0x0000000083600000|  0%| F|  |TAMS 0x0000000083500000, 0x0000000083500000| Untracked 
|  36|0x0000000083600000, 0x0000000083600000, 0x0000000083700000|  0%| F|  |TAMS 0x0000000083600000, 0x0000000083600000| Untracked 
|  37|0x0000000083700000, 0x0000000083700000, 0x0000000083800000|  0%| F|  |TAMS 0x0000000083700000, 0x0000000083700000| Untracked 
|  38|0x0000000083800000, 0x0000000083800000, 0x0000000083900000|  0%| F|  |TAMS 0x0000000083800000, 0x0000000083800000| Untracked 
|  39|0x0000000083900000, 0x0000000083900000, 0x0000000083a00000|  0%| F|  |TAMS 0x0000000083900000, 0x0000000083900000| Untracked 
|  40|0x0000000083a00000, 0x0000000083a00000, 0x0000000083b00000|  0%| F|  |TAMS 0x0000000083a00000, 0x0000000083a00000| Untracked 
|  41|0x0000000083b00000, 0x0000000083b00000, 0x0000000083c00000|  0%| F|  |TAMS 0x0000000083b00000, 0x0000000083b00000| Untracked 
|  42|0x0000000083c00000, 0x0000000083c00000, 0x0000000083d00000|  0%| F|  |TAMS 0x0000000083c00000, 0x0000000083c00000| Untracked 
|  43|0x0000000083d00000, 0x0000000083d00000, 0x0000000083e00000|  0%| F|  |TAMS 0x0000000083d00000, 0x0000000083d00000| Untracked 
|  44|0x0000000083e00000, 0x0000000083e00000, 0x0000000083f00000|  0%| F|  |TAMS 0x0000000083e00000, 0x0000000083e00000| Untracked 
|  45|0x0000000083f00000, 0x0000000083f00000, 0x0000000084000000|  0%| F|  |TAMS 0x0000000083f00000, 0x0000000083f00000| Untracked 
|  46|0x0000000084000000, 0x0000000084000000, 0x0000000084100000|  0%| F|  |TAMS 0x0000000084000000, 0x0000000084000000| Untracked 
|  47|0x0000000084100000, 0x0000000084100000, 0x0000000084200000|  0%| F|  |TAMS 0x0000000084100000, 0x0000000084100000| Untracked 
|  48|0x0000000084200000, 0x0000000084200000, 0x0000000084300000|  0%| F|  |TAMS 0x0000000084200000, 0x0000000084200000| Untracked 
|  49|0x0000000084300000, 0x0000000084300000, 0x0000000084400000|  0%| F|  |TAMS 0x0000000084300000, 0x0000000084300000| Untracked 
|  50|0x0000000084400000, 0x0000000084400000, 0x0000000084500000|  0%| F|  |TAMS 0x0000000084400000, 0x0000000084400000| Untracked 
|  51|0x0000000084500000, 0x0000000084500000, 0x0000000084600000|  0%| F|  |TAMS 0x0000000084500000, 0x0000000084500000| Untracked 
|  52|0x0000000084600000, 0x0000000084600000, 0x0000000084700000|  0%| F|  |TAMS 0x0000000084600000, 0x0000000084600000| Untracked 
|  53|0x0000000084700000, 0x0000000084700000, 0x0000000084800000|  0%| F|  |TAMS 0x0000000084700000, 0x0000000084700000| Untracked 
|  54|0x0000000084800000, 0x0000000084800000, 0x0000000084900000|  0%| F|  |TAMS 0x0000000084800000, 0x0000000084800000| Untracked 
|  55|0x0000000084900000, 0x0000000084900000, 0x0000000084a00000|  0%| F|  |TAMS 0x0000000084900000, 0x0000000084900000| Untracked 
|  56|0x0000000084a00000, 0x0000000084a00000, 0x0000000084b00000|  0%| F|  |TAMS 0x0000000084a00000, 0x0000000084a00000| Untracked 
|  57|0x0000000084b00000, 0x0000000084b00000, 0x0000000084c00000|  0%| F|  |TAMS 0x0000000084b00000, 0x0000000084b00000| Untracked 
|  58|0x0000000084c00000, 0x0000000084c00000, 0x0000000084d00000|  0%| F|  |TAMS 0x0000000084c00000, 0x0000000084c00000| Untracked 
|  59|0x0000000084d00000, 0x0000000084d00000, 0x0000000084e00000|  0%| F|  |TAMS 0x0000000084d00000, 0x0000000084d00000| Untracked 
|  60|0x0000000084e00000, 0x0000000084e00000, 0x0000000084f00000|  0%| F|  |TAMS 0x0000000084e00000, 0x0000000084e00000| Untracked 
|  61|0x0000000084f00000, 0x0000000084f00000, 0x0000000085000000|  0%| F|  |TAMS 0x0000000084f00000, 0x0000000084f00000| Untracked 
|  62|0x0000000085000000, 0x0000000085000000, 0x0000000085100000|  0%| F|  |TAMS 0x0000000085000000, 0x0000000085000000| Untracked 
|  63|0x0000000085100000, 0x0000000085100000, 0x0000000085200000|  0%| F|  |TAMS 0x0000000085100000, 0x0000000085100000| Untracked 
|  64|0x0000000085200000, 0x0000000085200000, 0x0000000085300000|  0%| F|  |TAMS 0x0000000085200000, 0x0000000085200000| Untracked 
|  65|0x0000000085300000, 0x0000000085300000, 0x0000000085400000|  0%| F|  |TAMS 0x0000000085300000, 0x0000000085300000| Untracked 
|  66|0x0000000085400000, 0x0000000085400000, 0x0000000085500000|  0%| F|  |TAMS 0x0000000085400000, 0x0000000085400000| Untracked 
|  67|0x0000000085500000, 0x0000000085500000, 0x0000000085600000|  0%| F|  |TAMS 0x0000000085500000, 0x0000000085500000| Untracked 
|  68|0x0000000085600000, 0x0000000085600000, 0x0000000085700000|  0%| F|  |TAMS 0x0000000085600000, 0x0000000085600000| Untracked 
|  69|0x0000000085700000, 0x0000000085700000, 0x0000000085800000|  0%| F|  |TAMS 0x0000000085700000, 0x0000000085700000| Untracked 
|  70|0x0000000085800000, 0x0000000085800000, 0x0000000085900000|  0%| F|  |TAMS 0x0000000085800000, 0x0000000085800000| Untracked 
|  71|0x0000000085900000, 0x0000000085900000, 0x0000000085a00000|  0%| F|  |TAMS 0x0000000085900000, 0x0000000085900000| Untracked 
|  72|0x0000000085a00000, 0x0000000085a00000, 0x0000000085b00000|  0%| F|  |TAMS 0x0000000085a00000, 0x0000000085a00000| Untracked 
|  73|0x0000000085b00000, 0x0000000085b00000, 0x0000000085c00000|  0%| F|  |TAMS 0x0000000085b00000, 0x0000000085b00000| Untracked 
|  74|0x0000000085c00000, 0x0000000085c00000, 0x0000000085d00000|  0%| F|  |TAMS 0x0000000085c00000, 0x0000000085c00000| Untracked 
|  75|0x0000000085d00000, 0x0000000085d00000, 0x0000000085e00000|  0%| F|  |TAMS 0x0000000085d00000, 0x0000000085d00000| Untracked 
|  76|0x0000000085e00000, 0x0000000085e00000, 0x0000000085f00000|  0%| F|  |TAMS 0x0000000085e00000, 0x0000000085e00000| Untracked 
|  77|0x0000000085f00000, 0x0000000085f00000, 0x0000000086000000|  0%| F|  |TAMS 0x0000000085f00000, 0x0000000085f00000| Untracked 
|  78|0x0000000086000000, 0x0000000086000000, 0x0000000086100000|  0%| F|  |TAMS 0x0000000086000000, 0x0000000086000000| Untracked 
|  79|0x0000000086100000, 0x0000000086100000, 0x0000000086200000|  0%| F|  |TAMS 0x0000000086100000, 0x0000000086100000| Untracked 
|  80|0x0000000086200000, 0x0000000086200000, 0x0000000086300000|  0%| F|  |TAMS 0x0000000086200000, 0x0000000086200000| Untracked 
|  81|0x0000000086300000, 0x0000000086300000, 0x0000000086400000|  0%| F|  |TAMS 0x0000000086300000, 0x0000000086300000| Untracked 
|  82|0x0000000086400000, 0x0000000086400000, 0x0000000086500000|  0%| F|  |TAMS 0x0000000086400000, 0x0000000086400000| Untracked 
|  83|0x0000000086500000, 0x0000000086500000, 0x0000000086600000|  0%| F|  |TAMS 0x0000000086500000, 0x0000000086500000| Untracked 
|  84|0x0000000086600000, 0x0000000086600000, 0x0000000086700000|  0%| F|  |TAMS 0x0000000086600000, 0x0000000086600000| Untracked 
|  85|0x0000000086700000, 0x0000000086700000, 0x0000000086800000|  0%| F|  |TAMS 0x0000000086700000, 0x0000000086700000| Untracked 
|  86|0x0000000086800000, 0x0000000086800000, 0x0000000086900000|  0%| F|  |TAMS 0x0000000086800000, 0x0000000086800000| Untracked 
|  87|0x0000000086900000, 0x0000000086900000, 0x0000000086a00000|  0%| F|  |TAMS 0x0000000086900000, 0x0000000086900000| Untracked 
|  88|0x0000000086a00000, 0x0000000086a00000, 0x0000000086b00000|  0%| F|  |TAMS 0x0000000086a00000, 0x0000000086a00000| Untracked 
|  89|0x0000000086b00000, 0x0000000086b00000, 0x0000000086c00000|  0%| F|  |TAMS 0x0000000086b00000, 0x0000000086b00000| Untracked 
|  90|0x0000000086c00000, 0x0000000086c00000, 0x0000000086d00000|  0%| F|  |TAMS 0x0000000086c00000, 0x0000000086c00000| Untracked 
|  91|0x0000000086d00000, 0x0000000086d00000, 0x0000000086e00000|  0%| F|  |TAMS 0x0000000086d00000, 0x0000000086d00000| Untracked 
|  92|0x0000000086e00000, 0x0000000086e00000, 0x0000000086f00000|  0%| F|  |TAMS 0x0000000086e00000, 0x0000000086e00000| Untracked 
|  93|0x0000000086f00000, 0x0000000086f00000, 0x0000000087000000|  0%| F|  |TAMS 0x0000000086f00000, 0x0000000086f00000| Untracked 
|  94|0x0000000087000000, 0x0000000087000000, 0x0000000087100000|  0%| F|  |TAMS 0x0000000087000000, 0x0000000087000000| Untracked 
|  95|0x0000000087100000, 0x0000000087100000, 0x0000000087200000|  0%| F|  |TAMS 0x0000000087100000, 0x0000000087100000| Untracked 
|  96|0x0000000087200000, 0x0000000087200000, 0x0000000087300000|  0%| F|  |TAMS 0x0000000087200000, 0x0000000087200000| Untracked 
|  97|0x0000000087300000, 0x0000000087300000, 0x0000000087400000|  0%| F|  |TAMS 0x0000000087300000, 0x0000000087300000| Untracked 
|  98|0x0000000087400000, 0x0000000087400000, 0x0000000087500000|  0%| F|  |TAMS 0x0000000087400000, 0x0000000087400000| Untracked 
|  99|0x0000000087500000, 0x0000000087500000, 0x0000000087600000|  0%| F|  |TAMS 0x0000000087500000, 0x0000000087500000| Untracked 
| 100|0x0000000087600000, 0x0000000087600000, 0x0000000087700000|  0%| F|  |TAMS 0x0000000087600000, 0x0000000087600000| Untracked 
| 101|0x0000000087700000, 0x0000000087700000, 0x0000000087800000|  0%| F|  |TAMS 0x0000000087700000, 0x0000000087700000| Untracked 
| 102|0x0000000087800000, 0x0000000087800000, 0x0000000087900000|  0%| F|  |TAMS 0x0000000087800000, 0x0000000087800000| Untracked 
| 103|0x0000000087900000, 0x0000000087900000, 0x0000000087a00000|  0%| F|  |TAMS 0x0000000087900000, 0x0000000087900000| Untracked 
| 104|0x0000000087a00000, 0x0000000087a00000, 0x0000000087b00000|  0%| F|  |TAMS 0x0000000087a00000, 0x0000000087a00000| Untracked 
| 105|0x0000000087b00000, 0x0000000087b00000, 0x0000000087c00000|  0%| F|  |TAMS 0x0000000087b00000, 0x0000000087b00000| Untracked 
| 106|0x0000000087c00000, 0x0000000087c00000, 0x0000000087d00000|  0%| F|  |TAMS 0x0000000087c00000, 0x0000000087c00000| Untracked 
| 107|0x0000000087d00000, 0x0000000087d00000, 0x0000000087e00000|  0%| F|  |TAMS 0x0000000087d00000, 0x0000000087d00000| Untracked 
| 108|0x0000000087e00000, 0x0000000087e00000, 0x0000000087f00000|  0%| F|  |TAMS 0x0000000087e00000, 0x0000000087e00000| Untracked 
| 109|0x0000000087f00000, 0x0000000087f00000, 0x0000000088000000|  0%| F|  |TAMS 0x0000000087f00000, 0x0000000087f00000| Untracked 
| 110|0x0000000088000000, 0x0000000088000000, 0x0000000088100000|  0%| F|  |TAMS 0x0000000088000000, 0x0000000088000000| Untracked 
| 111|0x0000000088100000, 0x0000000088100000, 0x0000000088200000|  0%| F|  |TAMS 0x0000000088100000, 0x0000000088100000| Untracked 
| 112|0x0000000088200000, 0x0000000088200000, 0x0000000088300000|  0%| F|  |TAMS 0x0000000088200000, 0x0000000088200000| Untracked 
| 113|0x0000000088300000, 0x0000000088300000, 0x0000000088400000|  0%| F|  |TAMS 0x0000000088300000, 0x0000000088300000| Untracked 
| 114|0x0000000088400000, 0x0000000088400000, 0x0000000088500000|  0%| F|  |TAMS 0x0000000088400000, 0x0000000088400000| Untracked 
| 115|0x0000000088500000, 0x0000000088500000, 0x0000000088600000|  0%| F|  |TAMS 0x0000000088500000, 0x0000000088500000| Untracked 
| 116|0x0000000088600000, 0x0000000088600000, 0x0000000088700000|  0%| F|  |TAMS 0x0000000088600000, 0x0000000088600000| Untracked 
| 117|0x0000000088700000, 0x0000000088700000, 0x0000000088800000|  0%| F|  |TAMS 0x0000000088700000, 0x0000000088700000| Untracked 
| 118|0x0000000088800000, 0x0000000088800000, 0x0000000088900000|  0%| F|  |TAMS 0x0000000088800000, 0x0000000088800000| Untracked 
| 119|0x0000000088900000, 0x0000000088900000, 0x0000000088a00000|  0%| F|  |TAMS 0x0000000088900000, 0x0000000088900000| Untracked 
| 120|0x0000000088a00000, 0x0000000088a00000, 0x0000000088b00000|  0%| F|  |TAMS 0x0000000088a00000, 0x0000000088a00000| Untracked 
| 121|0x0000000088b00000, 0x0000000088b00000, 0x0000000088c00000|  0%| F|  |TAMS 0x0000000088b00000, 0x0000000088b00000| Untracked 
| 122|0x0000000088c00000, 0x0000000088c00000, 0x0000000088d00000|  0%| F|  |TAMS 0x0000000088c00000, 0x0000000088c00000| Untracked 
| 123|0x0000000088d00000, 0x0000000088d5d828, 0x0000000088e00000| 36%| E|  |TAMS 0x0000000088d00000, 0x0000000088d00000| Complete 
| 124|0x0000000088e00000, 0x0000000088efe620, 0x0000000088f00000| 99%| E|  |TAMS 0x0000000088e00000, 0x0000000088e00000| Complete 
| 125|0x0000000088f00000, 0x0000000089000000, 0x0000000089000000|100%| E|CS|TAMS 0x0000000088f00000, 0x0000000088f00000| Complete 
| 126|0x0000000089000000, 0x0000000089100000, 0x0000000089100000|100%| E|CS|TAMS 0x0000000089000000, 0x0000000089000000| Complete 
| 127|0x0000000089100000, 0x0000000089200000, 0x0000000089200000|100%| E|CS|TAMS 0x0000000089100000, 0x0000000089100000| Complete 

Card table byte_map: [0x00000290d8810000,0x00000290d8c10000] _byte_map_base: 0x00000290d8407000

Marking Bits (Prev, Next): (CMBitMap*) 0x00000290c0f52f88, (CMBitMap*) 0x00000290c0f52fc8
 Prev Bits: [0x00000290d9010000, 0x00000290dafc8000)
 Next Bits: [0x00000290dafd0000, 0x00000290dcf88000)

Polling page: 0x00000290bedc0000

Metaspace:

Usage:
  Non-class:      4.30 MB capacity,     2.35 MB ( 55%) used,     1.95 MB ( 45%) free+waste,     2.69 KB ( <1%) overhead. 
      Class:    443.00 KB capacity,   249.73 KB ( 56%) used,   191.70 KB ( 43%) free+waste,     1.56 KB ( <1%) overhead. 
       Both:      4.73 MB capacity,     2.59 MB ( 55%) used,     2.13 MB ( 45%) free+waste,     4.25 KB ( <1%) overhead. 

Virtual space:
  Non-class space:        8.00 MB reserved,       4.50 MB ( 56%) committed 
      Class space:        1.00 GB reserved,     512.00 KB ( <1%) committed 
             Both:        1.01 GB reserved,       5.00 MB ( <1%) committed 

Chunk freelists:
   Non-Class:  14.00 KB
       Class:  5.00 KB
        Both:  19.00 KB

MaxMetaspaceSize: 17179869184.00 GB
CompressedClassSpaceSize: 1.00 GB

CodeHeap 'non-profiled nmethods': size=120064Kb used=119Kb max_used=119Kb free=119944Kb
 bounds [0x00000290d0ed0000, 0x00000290d1140000, 0x00000290d8410000]
CodeHeap 'profiled nmethods': size=120000Kb used=542Kb max_used=542Kb free=119458Kb
 bounds [0x00000290c99a0000, 0x00000290c9c10000, 0x00000290d0ed0000]
CodeHeap 'non-nmethods': size=5696Kb used=1209Kb max_used=1223Kb free=4486Kb
 bounds [0x00000290c9410000, 0x00000290c9680000, 0x00000290c99a0000]
 total_blobs=1105 nmethods=378 adapters=278
 compilation: enabled
              stopped_count=0, restarted_count=0
 full_count=0

Compilation events (20 events):
Event: 0.592 Thread 0x00000290df488000 nmethod 371 0x00000290c9a23290 code [0x00000290c9a23460, 0x00000290c9a23790]
Event: 0.594 Thread 0x00000290df488000  373       3       jdk.internal.misc.Unsafe::allocateUninitializedArray (52 bytes)
Event: 0.595 Thread 0x00000290df488000 nmethod 373 0x00000290c9a23890 code [0x00000290c9a23aa0, 0x00000290c9a24000]
Event: 0.595 Thread 0x00000290df488000  374       3       java.lang.String::replace (42 bytes)
Event: 0.596 Thread 0x00000290df488000 nmethod 374 0x00000290c9a24210 code [0x00000290c9a243e0, 0x00000290c9a247a0]
Event: 0.596 Thread 0x00000290df488000  375   !   3       java.security.cert.Certificate::equals (38 bytes)
Event: 0.596 Thread 0x00000290df488000 nmethod 375 0x00000290c9a24890 code [0x00000290c9a24b00, 0x00000290c9a25970]
Event: 0.597 Thread 0x00000290df488000  376       3       sun.security.x509.X509CertImpl::getEncodedInternal (20 bytes)
Event: 0.597 Thread 0x00000290df488000 nmethod 376 0x00000290c9a25e10 code [0x00000290c9a26000, 0x00000290c9a265c0]
Event: 0.597 Thread 0x00000290df480000 nmethod 347% 0x00000290d0eeb190 code [0x00000290d0eeb360, 0x00000290d0eec338]
Event: 0.598 Thread 0x00000290df480000  369       4       java.lang.String::charAt (25 bytes)
Event: 0.599 Thread 0x00000290df480000 nmethod 369 0x00000290d0eec710 code [0x00000290d0eec8a0, 0x00000290d0eeca28]
Event: 0.599 Thread 0x00000290df480000  377       4       sun.security.provider.SHA2::implCompress0 (322 bytes)
Event: 0.612 Thread 0x00000290df488000  378       3       org.eclipse.jdt.launching.internal.org.objectweb.asm.ClassReader::readUnsignedShort (26 bytes)
Event: 0.612 Thread 0x00000290df488000 nmethod 378 0x00000290c9a26790 code [0x00000290c9a26940, 0x00000290c9a26b18]
Event: 0.646 Thread 0x00000290df480000 nmethod 377 0x00000290d0eecb90 code [0x00000290d0eecd40, 0x00000290d0eed918]
Event: 0.646 Thread 0x00000290df480000  361       4       java.lang.ref.Reference::reachabilityFence (1 bytes)
Event: 0.647 Thread 0x00000290df480000 nmethod 361 0x00000290d0eedb90 code [0x00000290d0eedd00, 0x00000290d0eedd38]
Event: 26.912 Thread 0x00000290df488000  379       3       java.lang.String::<init> (74 bytes)
Event: 26.913 Thread 0x00000290df488000 nmethod 379 0x00000290c9a26c10 code [0x00000290c9a26e20, 0x00000290c9a27540]

GC Heap History (0 events):
No events

Deoptimization events (20 events):
Event: 0.576 Thread 0x00000290c0f0f000 DEOPT PACKING pc=0x00000290c9a0d621 sp=0x0000009f96bf87b0
Event: 0.576 Thread 0x00000290c0f0f000 DEOPT UNPACKING pc=0x00000290c945964e sp=0x0000009f96bf7c78 mode 0
Event: 0.581 Thread 0x00000290c0f0f000 DEOPT PACKING pc=0x00000290c9a0d621 sp=0x0000009f96bfba20
Event: 0.581 Thread 0x00000290c0f0f000 DEOPT UNPACKING pc=0x00000290c945964e sp=0x0000009f96bfaee8 mode 0
Event: 0.582 Thread 0x00000290c0f0f000 DEOPT PACKING pc=0x00000290c9a0d621 sp=0x0000009f96bfba20
Event: 0.582 Thread 0x00000290c0f0f000 DEOPT UNPACKING pc=0x00000290c945964e sp=0x0000009f96bfaee8 mode 0
Event: 0.582 Thread 0x00000290c0f0f000 DEOPT PACKING pc=0x00000290c9a0d621 sp=0x0000009f96bfba20
Event: 0.582 Thread 0x00000290c0f0f000 DEOPT UNPACKING pc=0x00000290c945964e sp=0x0000009f96bfaee8 mode 0
Event: 0.582 Thread 0x00000290c0f0f000 DEOPT PACKING pc=0x00000290c9a0d621 sp=0x0000009f96bfba20
Event: 0.582 Thread 0x00000290c0f0f000 DEOPT UNPACKING pc=0x00000290c945964e sp=0x0000009f96bfaee8 mode 0
Event: 0.598 Thread 0x00000290c0f0f000 DEOPT PACKING pc=0x00000290c9a0d621 sp=0x0000009f96bf83a0
Event: 0.598 Thread 0x00000290c0f0f000 DEOPT UNPACKING pc=0x00000290c945964e sp=0x0000009f96bf7868 mode 0
Event: 0.598 Thread 0x00000290c0f0f000 DEOPT PACKING pc=0x00000290c9a0d621 sp=0x0000009f96bf83a0
Event: 0.598 Thread 0x00000290c0f0f000 DEOPT UNPACKING pc=0x00000290c945964e sp=0x0000009f96bf7868 mode 0
Event: 0.598 Thread 0x00000290c0f0f000 DEOPT PACKING pc=0x00000290c9a0d621 sp=0x0000009f96bf83a0
Event: 0.598 Thread 0x00000290c0f0f000 DEOPT UNPACKING pc=0x00000290c945964e sp=0x0000009f96bf7868 mode 0
Event: 0.599 Thread 0x00000290c0f0f000 DEOPT PACKING pc=0x00000290c9a0d621 sp=0x0000009f96bf83a0
Event: 0.599 Thread 0x00000290c0f0f000 DEOPT UNPACKING pc=0x00000290c945964e sp=0x0000009f96bf7868 mode 0
Event: 0.600 Thread 0x00000290c0f0f000 DEOPT PACKING pc=0x00000290c9a0d3ec sp=0x0000009f96bf83a0
Event: 0.600 Thread 0x00000290c0f0f000 DEOPT UNPACKING pc=0x00000290c945964e sp=0x0000009f96bf7868 mode 0

Classes unloaded (0 events):
No events

Classes redefined (2 events):
Event: 26.915 Thread 0x00000290df455000 redefined class name=lista.Teste, count=1
Event: 271.414 Thread 0x00000290df455000 redefined class name=lista.Teste, count=2

Internal exceptions (0 events):
No events

Events (20 events):
Event: 271.427 Executing VM operation: ChangeBreakpoints
Event: 271.428 Executing VM operation: ChangeBreakpoints done
Event: 271.429 Executing VM operation: GetFrameCount
Event: 271.429 Executing VM operation: GetFrameCount done
Event: 271.429 Executing VM operation: GetStackTrace
Event: 271.429 Executing VM operation: GetStackTrace done
Event: 271.430 Executing VM operation: GetFrameCount
Event: 271.430 Executing VM operation: GetFrameCount done
Event: 271.430 Executing VM operation: SetFramePop
Event: 271.430 Executing nested VM operation: EnterInterpOnlyMode
Event: 271.430 Executing nested VM operation: EnterInterpOnlyMode done
Event: 271.430 Executing VM operation: SetFramePop done
Event: 271.430 Executing VM operation: GetFrameLocation
Event: 271.430 Executing VM operation: GetFrameLocation done
Event: 271.430 Executing VM operation: GetCurrentLocation
Event: 271.431 Executing VM operation: GetCurrentLocation done
Event: 271.431 Executing VM operation: ChangeSingleStep
Event: 271.431 Executing VM operation: ChangeSingleStep done
Event: 271.431 Executing VM operation: GetFrameLocation
Event: 271.431 Executing VM operation: GetFrameLocation done


Dynamic libraries:
0x00007ff6edf90000 - 0x00007ff6edf9f000 	C:\Program Files\Java\jdk-13.0.1\bin\javaw.exe
0x00007ffdde420000 - 0x00007ffdde610000 	C:\WINDOWS\SYSTEM32\ntdll.dll
0x00007ffddc9a0000 - 0x00007ffddca52000 	C:\WINDOWS\System32\KERNEL32.DLL
0x00007ffddb5a0000 - 0x00007ffddb844000 	C:\WINDOWS\System32\KERNELBASE.dll
0x00007ffddc3d0000 - 0x00007ffddc4ca000 	C:\WINDOWS\System32\ucrtbase.dll
0x00007ffdc7e60000 - 0x00007ffdc7e78000 	C:\Program Files\Java\jdk-13.0.1\bin\jli.dll
0x00007ffddd760000 - 0x00007ffddd803000 	C:\WINDOWS\System32\ADVAPI32.dll
0x00007ffddcac0000 - 0x00007ffddcb5e000 	C:\WINDOWS\System32\msvcrt.dll
0x00007ffddde70000 - 0x00007ffdddf07000 	C:\WINDOWS\System32\sechost.dll
0x00007ffddd870000 - 0x00007ffddd990000 	C:\WINDOWS\System32\RPCRT4.dll
0x00007ffdc52b0000 - 0x00007ffdc52c5000 	C:\Program Files\Java\jdk-13.0.1\bin\VCRUNTIME140.dll
0x00007ffdddfe0000 - 0x00007ffdde174000 	C:\WINDOWS\System32\USER32.dll
0x00007ffddc320000 - 0x00007ffddc341000 	C:\WINDOWS\System32\win32u.dll
0x00007ffddc810000 - 0x00007ffddc836000 	C:\WINDOWS\System32\GDI32.dll
0x00007ffddc0e0000 - 0x00007ffddc274000 	C:\WINDOWS\System32\gdi32full.dll
0x00007ffddc280000 - 0x00007ffddc31e000 	C:\WINDOWS\System32\msvcp_win.dll
0x00007ffdc7710000 - 0x00007ffdc7994000 	C:\WINDOWS\WinSxS\amd64_microsoft.windows.common-controls_6595b64144ccf1df_6.0.18362.836_none_e6c4b943130f18ed\COMCTL32.dll
0x00007ffddcd20000 - 0x00007ffddd056000 	C:\WINDOWS\System32\combase.dll
0x00007ffddb3b0000 - 0x00007ffddb430000 	C:\WINDOWS\System32\bcryptPrimitives.dll
0x00007ffdd3100000 - 0x00007ffdd310a000 	C:\WINDOWS\SYSTEM32\VERSION.dll
0x00007ffddc8c0000 - 0x00007ffddc8ee000 	C:\WINDOWS\System32\IMM32.DLL
0x00007ffdc1130000 - 0x00007ffdc11cb000 	C:\Program Files\Java\jdk-13.0.1\bin\msvcp140.dll
0x00007ffda2530000 - 0x00007ffda3096000 	C:\Program Files\Java\jdk-13.0.1\bin\server\jvm.dll
0x00007ffddd750000 - 0x00007ffddd758000 	C:\WINDOWS\System32\PSAPI.DLL
0x00007ffdd9330000 - 0x00007ffdd9339000 	C:\WINDOWS\SYSTEM32\WSOCK32.dll
0x00007ffddd990000 - 0x00007ffddd9ff000 	C:\WINDOWS\System32\WS2_32.dll
0x00007ffdd9160000 - 0x00007ffdd9184000 	C:\WINDOWS\SYSTEM32\WINMM.dll
0x00007ffdd9130000 - 0x00007ffdd915d000 	C:\WINDOWS\SYSTEM32\WINMMBASE.dll
0x00007ffddc350000 - 0x00007ffddc39a000 	C:\WINDOWS\System32\cfgmgr32.dll
0x00007ffddb2f0000 - 0x00007ffddb301000 	C:\WINDOWS\System32\kernel.appcore.dll
0x00007ffdd3a40000 - 0x00007ffdd3a50000 	C:\Program Files\Java\jdk-13.0.1\bin\verify.dll
0x00007ffdd2d40000 - 0x00007ffdd2f34000 	C:\WINDOWS\SYSTEM32\DBGHELP.DLL
0x00007ffdd2d10000 - 0x00007ffdd2d3a000 	C:\WINDOWS\SYSTEM32\dbgcore.DLL
0x00007ffdc20c0000 - 0x00007ffdc20e6000 	C:\Program Files\Java\jdk-13.0.1\bin\java.dll
0x00007ffdc15c0000 - 0x00007ffdc15f8000 	C:\Program Files\Java\jdk-13.0.1\bin\jdwp.dll
0x00007ffdce220000 - 0x00007ffdce22e000 	C:\Program Files\Java\jdk-13.0.1\bin\instrument.dll
0x00007ffdc2d40000 - 0x00007ffdc2d57000 	C:\Program Files\Java\jdk-13.0.1\bin\zip.dll
0x00007ffdc4880000 - 0x00007ffdc488a000 	C:\Program Files\Java\jdk-13.0.1\bin\jimage.dll
0x00007ffddd060000 - 0x00007ffddd744000 	C:\WINDOWS\System32\SHELL32.dll
0x00007ffddc690000 - 0x00007ffddc739000 	C:\WINDOWS\System32\shcore.dll
0x00007ffddb960000 - 0x00007ffddc0de000 	C:\WINDOWS\System32\windows.storage.dll
0x00007ffddb380000 - 0x00007ffddb3a3000 	C:\WINDOWS\System32\profapi.dll
0x00007ffddb310000 - 0x00007ffddb35a000 	C:\WINDOWS\System32\powrprof.dll
0x00007ffddb2e0000 - 0x00007ffddb2f0000 	C:\WINDOWS\System32\UMPDC.dll
0x00007ffddd810000 - 0x00007ffddd862000 	C:\WINDOWS\System32\shlwapi.dll
0x00007ffddb430000 - 0x00007ffddb447000 	C:\WINDOWS\System32\cryptsp.dll
0x00007ffdc46d0000 - 0x00007ffdc46db000 	C:\Program Files\Java\jdk-13.0.1\bin\dt_socket.dll
0x00007ffddaaf0000 - 0x00007ffddab57000 	C:\WINDOWS\system32\mswsock.dll
0x00007ffdda850000 - 0x00007ffdda91b000 	C:\WINDOWS\SYSTEM32\DNSAPI.dll
0x00007ffdde3d0000 - 0x00007ffdde3d8000 	C:\WINDOWS\System32\NSI.dll
0x00007ffdda800000 - 0x00007ffdda83a000 	C:\WINDOWS\SYSTEM32\IPHLPAPI.DLL
0x00007ffdd2ae0000 - 0x00007ffdd2aea000 	C:\Windows\System32\rasadhlp.dll
0x00007ffdd4400000 - 0x00007ffdd4477000 	C:\WINDOWS\System32\fwpuclnt.dll
0x00007ffddc3a0000 - 0x00007ffddc3c6000 	C:\WINDOWS\System32\bcrypt.dll
0x00007ffdc2cb0000 - 0x00007ffdc2cc9000 	C:\Program Files\Java\jdk-13.0.1\bin\net.dll
0x00007ffdd4130000 - 0x00007ffdd4220000 	C:\WINDOWS\SYSTEM32\WINHTTP.dll
0x00007ffdc2af0000 - 0x00007ffdc2b03000 	C:\Program Files\Java\jdk-13.0.1\bin\nio.dll

dbghelp: loaded successfully - version: 4.0.5 - missing functions: none
symbol engine: initialized successfully - sym options: 0x614 - pdb path: .;C:\Program Files\Java\jdk-13.0.1\bin;C:\WINDOWS\SYSTEM32;C:\WINDOWS\WinSxS\amd64_microsoft.windows.common-controls_6595b64144ccf1df_6.0.18362.836_none_e6c4b943130f18ed;C:\Program Files\Java\jdk-13.0.1\bin\server

VM Arguments:
jvm_args: -agentlib:jdwp=transport=dt_socket,suspend=y,address=localhost:60983 -javaagent:C:\eclipse\configuration\org.eclipse.osgi\413\0\.cp\lib\javaagent-shaded.jar -Dfile.encoding=Cp1252 
java_command: lista.Teste
java_class_path (initial): C:\Users\VINICIUS\eclipse-workspace\EstruturaDeDados1\bin
Launcher Type: SUN_STANDARD

[Global flags]
     intx CICompilerCount                          = 3                                         {product} {ergonomic}
     uint ConcGCThreads                            = 1                                         {product} {ergonomic}
     uint G1ConcRefinementThreads                  = 4                                         {product} {ergonomic}
   size_t G1HeapRegionSize                         = 1048576                                   {product} {ergonomic}
    uintx GCDrainStackTargetSize                   = 64                                        {product} {ergonomic}
   size_t InitialHeapSize                          = 134217728                                 {product} {ergonomic}
   size_t MarkStackSize                            = 4194304                                   {product} {ergonomic}
   size_t MaxHeapSize                              = 2128609280                                {product} {ergonomic}
   size_t MaxNewSize                               = 1277165568                                {product} {ergonomic}
   size_t MinHeapDeltaBytes                        = 1048576                                   {product} {ergonomic}
   size_t MinHeapSize                              = 8388608                                   {product} {ergonomic}
    uintx NonNMethodCodeHeapSize                   = 5830732                                {pd product} {ergonomic}
    uintx NonProfiledCodeHeapSize                  = 122913754                              {pd product} {ergonomic}
    uintx ProfiledCodeHeapSize                     = 122913754                              {pd product} {ergonomic}
    uintx ReservedCodeCacheSize                    = 251658240                              {pd product} {ergonomic}
     bool SegmentedCodeCache                       = true                                      {product} {ergonomic}
   size_t SoftMaxHeapSize                          = 2128609280                             {manageable} {ergonomic}
     bool UseCompressedClassPointers               = true                                 {lp64_product} {ergonomic}
     bool UseCompressedOops                        = true                                 {lp64_product} {ergonomic}
     bool UseG1GC                                  = true                                      {product} {ergonomic}
     bool UseLargePagesIndividualAllocation        = false                                  {pd product} {ergonomic}

Logging:
Log output configuration:
 #0: stdout all=warning uptime,level,tags
 #1: stderr all=off uptime,level,tags

Environment Variables:
JAVA_HOME=C:\Program Files\Java\jdk-11.0.2
PATH=C:/Program Files/Java/jre1.8.0_261/bin/server;C:/Program Files/Java/jre1.8.0_261/bin;C:/Program Files/Java/jre1.8.0_261/lib/amd64;C:\Program Files (x86)\Common Files\Oracle\Java\javapath;C:\WINDOWS\system32;C:\WINDOWS;C:\WINDOWS\System32\Wbem;C:\WINDOWS\System32\WindowsPowerShell\v1.0\;C:\WINDOWS\System32\OpenSSH\;C:\Program Files\Git\cmd;C:\Program Files\nodejs\;C:\Program Files\Java\jdk-11.0.2\bin;C:\Program Files\MySQL\MySQL Shell 8.0\bin\;C:\Users\VINICIUS\AppData\Local\Microsoft\WindowsApps;C:\Users\VINICIUS\AppData\Local\Programs\Microsoft VS Code\bin;C:\Program Files\JetBrains\IntelliJ IDEA Community Edition 2019.3.1\bin;;C:\Users\VINICIUS\AppData\Local\Programs\MiKTeX 2.9\miktex\bin\x64\;C:\Users\VINICIUS\AppData\Roaming\npm;C:\eclipse;
USERNAME=VINICIUS
OS=Windows_NT
PROCESSOR_IDENTIFIER=Intel64 Family 6 Model 61 Stepping 4, GenuineIntel



---------------  S Y S T E M  ---------------

OS: Windows 10 , 64 bit Build 18362 (10.0.18362.778)

CPU:total 4 (initial active 4) (2 cores per cpu, 2 threads per core) family 6 model 61 stepping 4, cmov, cx8, fxsr, mmx, sse, sse2, sse3, ssse3, sse4.1, sse4.2, popcnt, avx, avx2, aes, clmul, erms, 3dnowpref, lzcnt, ht, tsc, tscinvbit, bmi1, bmi2, adx, fma

Memory: 4k page, system-wide physical 8112M (3386M free)
TotalPageFile size 9392M (AvailPageFile size 2913M)
current process WorkingSet (physical memory assigned to process): 39M, peak: 42M
current process commit charge ("private bytes"): 207M, peak: 210M

vm_info: Java HotSpot(TM) 64-Bit Server VM (13.0.1+9) for windows-amd64 JRE (13.0.1+9), built on Oct  6 2019 12:37:49 by "mach5one" with unknown MS VC++:1916

END.
